2026-04-21 02:10:31 [INFO] CSC is loading...   Success！
2026-04-21 02:10:32 [INFO]   Detected cloud rule update, preparing to download~
2026-04-21 02:10:32 [INFO]   Update completed~
2026-04-21 02:14:02 [INFO] CSC is loading...   Success！
2026-04-21 02:21:29 [INFO]    _____  _____  _____ 
2026-04-21 02:21:29 [INFO]   / ____|/ ____|/ ____|
2026-04-21 02:21:29 [INFO]  | |    | (___ | |        [CSC] Version: v0.21.18
2026-04-21 02:21:29 [INFO]  | |     \___ \| |        Minecraft Version: 1.21.1 forge
2026-04-21 02:21:29 [INFO]  | |____ ____) | |____    Problem/Feedback: Tencent QQ：1061133894
2026-04-21 02:21:29 [INFO]   \_____|_____/ \_____|
2026-04-21 02:21:29 [INFO]                        
2026-04-21 02:32:04 [INFO] CSC close completely, thanks for using!
2026-04-21 02:33:46 [INFO] CSC is loading...   Success！
2026-04-21 02:36:43 [INFO] CSC is loading...   Success！
2026-04-21 02:38:13 [INFO]    _____  _____  _____ 
2026-04-21 02:38:13 [INFO]   / ____|/ ____|/ ____|
2026-04-21 02:38:13 [INFO]  | |    | (___ | |        [CSC] Version: v0.21.18
2026-04-21 02:38:13 [INFO]  | |     \___ \| |        Minecraft Version: 1.21.1 forge
2026-04-21 02:38:13 [INFO]  | |____ ____) | |____    Problem/Feedback: Tencent QQ：1061133894
2026-04-21 02:38:13 [INFO]   \_____|_____/ \_____|
2026-04-21 02:38:13 [INFO]                        
2026-04-21 02:39:44 [INFO] CSC close completely, thanks for using!
2026-04-21 02:49:27 [INFO] CSC is loading...   Success！
2026-04-21 02:51:30 [INFO] CSC is loading...   Success！
2026-04-21 02:53:37 [INFO] CSC is loading...   Success！
2026-04-21 02:57:22 [INFO] CSC is loading...   Success！
2026-04-21 03:01:26 [INFO] CSC is loading...   Success！
2026-04-21 03:02:38 [INFO]    _____  _____  _____ 
2026-04-21 03:02:38 [INFO]   / ____|/ ____|/ ____|
2026-04-21 03:02:38 [INFO]  | |    | (___ | |        [CSC] Version: v0.21.18
2026-04-21 03:02:38 [INFO]  | |     \___ \| |        Minecraft Version: 1.21.1 forge
2026-04-21 03:02:38 [INFO]  | |____ ____) | |____    Problem/Feedback: Tencent QQ：1061133894
2026-04-21 03:02:38 [INFO]   \_____|_____/ \_____|
2026-04-21 03:02:38 [INFO]                        
2026-04-21 03:07:50 [INFO] CSC close completely, thanks for using!
2026-04-21 03:08:51 [INFO] CSC is loading...   Success！
2026-04-21 03:09:44 [INFO]    _____  _____  _____ 
2026-04-21 03:09:44 [INFO]   / ____|/ ____|/ ____|
2026-04-21 03:09:44 [INFO]  | |    | (___ | |        [CSC] Version: v0.21.18
2026-04-21 03:09:44 [INFO]  | |     \___ \| |        Minecraft Version: 1.21.1 forge
2026-04-21 03:09:44 [INFO]  | |____ ____) | |____    Problem/Feedback: Tencent QQ：1061133894
2026-04-21 03:09:44 [INFO]   \_____|_____/ \_____|
2026-04-21 03:09:44 [INFO]                        
2026-04-21 03:23:13 [INFO] CSC close completely, thanks for using!
2026-04-21 03:26:42 [INFO] CSC is loading...   Success！
2026-04-21 16:29:46 [INFO] CSC is loading...   Success！
2026-04-21 17:23:12 [INFO] CSC is loading...   Success！
2026-04-21 17:28:25 [INFO] CSC is loading...   Success！
2026-04-21 18:06:50 [INFO] CSC is loading...   Success！
2026-04-21 18:08:54 [INFO] CSC is loading...   Success！
2026-04-21 18:25:56 [INFO] CSC is loading...   Success！
2026-04-21 18:28:33 [INFO] CSC is loading...   Success！
2026-04-21 19:30:07 [INFO] CSC is loading...   Success！
2026-04-21 21:18:09 [INFO] CSC is loading...   Success！
2026-04-21 21:19:23 [INFO]    _____  _____  _____ 
2026-04-21 21:19:23 [INFO]   / ____|/ ____|/ ____|
2026-04-21 21:19:23 [INFO]  | |    | (___ | |        [CSC] Version: v0.21.18
2026-04-21 21:19:23 [INFO]  | |     \___ \| |        Minecraft Version: 1.21.1 forge
2026-04-21 21:19:23 [INFO]  | |____ ____) | |____    Problem/Feedback: Tencent QQ：1061133894
2026-04-21 21:19:23 [INFO]   \_____|_____/ \_____|
2026-04-21 21:19:23 [INFO]                        
2026-04-21 21:23:08 [INFO] CSC is loading...   Success！
2026-04-21 21:25:43 [INFO]    _____  _____  _____ 
2026-04-21 21:25:43 [INFO]   / ____|/ ____|/ ____|
2026-04-21 21:25:43 [INFO]  | |    | (___ | |        [CSC] Version: v0.21.18
2026-04-21 21:25:43 [INFO]  | |     \___ \| |        Minecraft Version: 1.21.1 forge
2026-04-21 21:25:43 [INFO]  | |____ ____) | |____    Problem/Feedback: Tencent QQ：1061133894
2026-04-21 21:25:43 [INFO]   \_____|_____/ \_____|
2026-04-21 21:25:43 [INFO]                        
2026-04-21 22:52:30 [INFO] CSC is loading...   Success！
2026-04-21 22:54:08 [INFO]    _____  _____  _____ 
2026-04-21 22:54:08 [INFO]   / ____|/ ____|/ ____|
2026-04-21 22:54:08 [INFO]  | |    | (___ | |        [CSC] Version: v0.21.18
2026-04-21 22:54:08 [INFO]  | |     \___ \| |        Minecraft Version: 1.21.1 forge
2026-04-21 22:54:08 [INFO]  | |____ ____) | |____    Problem/Feedback: Tencent QQ：1061133894
2026-04-21 22:54:08 [INFO]   \_____|_____/ \_____|
2026-04-21 22:54:08 [INFO]                        
2026-04-21 22:56:31 [INFO] CSC is loading...   Success！
2026-04-21 22:58:12 [INFO]    _____  _____  _____ 
2026-04-21 22:58:12 [INFO]   / ____|/ ____|/ ____|
2026-04-21 22:58:12 [INFO]  | |    | (___ | |        [CSC] Version: v0.21.18
2026-04-21 22:58:12 [INFO]  | |     \___ \| |        Minecraft Version: 1.21.1 forge
2026-04-21 22:58:12 [INFO]  | |____ ____) | |____    Problem/Feedback: Tencent QQ：1061133894
2026-04-21 22:58:12 [INFO]   \_____|_____/ \_____|
2026-04-21 22:58:12 [INFO]                        
2026-04-21 23:01:32 [INFO] CSC is loading...   Success！
2026-04-21 23:03:07 [INFO]    _____  _____  _____ 
2026-04-21 23:03:07 [INFO]   / ____|/ ____|/ ____|
2026-04-21 23:03:07 [INFO]  | |    | (___ | |        [CSC] Version: v0.21.18
2026-04-21 23:03:07 [INFO]  | |     \___ \| |        Minecraft Version: 1.21.1 forge
2026-04-21 23:03:07 [INFO]  | |____ ____) | |____    Problem/Feedback: Tencent QQ：1061133894
2026-04-21 23:03:07 [INFO]   \_____|_____/ \_____|
2026-04-21 23:03:07 [INFO]                        
2026-04-21 23:12:51 [INFO] CSC close completely, thanks for using!
2026-04-21 23:16:00 [INFO] CSC is loading...   Success！
2026-04-21 23:19:09 [INFO]    _____  _____  _____ 
2026-04-21 23:19:09 [INFO]   / ____|/ ____|/ ____|
2026-04-21 23:19:09 [INFO]  | |    | (___ | |        [CSC] Version: v0.21.18
2026-04-21 23:19:09 [INFO]  | |     \___ \| |        Minecraft Version: 1.21.1 forge
2026-04-21 23:19:09 [INFO]  | |____ ____) | |____    Problem/Feedback: Tencent QQ：1061133894
2026-04-21 23:19:09 [INFO]   \_____|_____/ \_____|
2026-04-21 23:19:09 [INFO]                        
2026-04-21 23:22:07 [INFO] CSC close completely, thanks for using!
2026-04-21 23:24:20 [INFO] CSC is loading...   Success！
2026-04-21 23:25:28 [INFO]    _____  _____  _____ 
2026-04-21 23:25:28 [INFO]   / ____|/ ____|/ ____|
2026-04-21 23:25:28 [INFO]  | |    | (___ | |        [CSC] Version: v0.21.18
2026-04-21 23:25:28 [INFO]  | |     \___ \| |        Minecraft Version: 1.21.1 forge
2026-04-21 23:25:28 [INFO]  | |____ ____) | |____    Problem/Feedback: Tencent QQ：1061133894
2026-04-21 23:25:28 [INFO]   \_____|_____/ \_____|
2026-04-21 23:25:28 [INFO]                        
2026-04-21 23:26:33 [INFO] CSC is loading...   Success！
2026-04-21 23:34:19 [INFO] CSC is loading...   Success！
2026-04-21 23:36:13 [INFO]    _____  _____  _____ 
2026-04-21 23:36:13 [INFO]   / ____|/ ____|/ ____|
2026-04-21 23:36:13 [INFO]  | |    | (___ | |        [CSC] Version: v0.21.18
2026-04-21 23:36:13 [INFO]  | |     \___ \| |        Minecraft Version: 1.21.1 forge
2026-04-21 23:36:13 [INFO]  | |____ ____) | |____    Problem/Feedback: Tencent QQ：1061133894
2026-04-21 23:36:13 [INFO]   \_____|_____/ \_____|
2026-04-21 23:36:13 [INFO]                        
2026-04-21 23:47:58 [INFO] CSC close completely, thanks for using!
2026-04-21 23:54:35 [INFO] CSC is loading...   Success！
2026-04-21 23:57:02 [INFO]    _____  _____  _____ 
2026-04-21 23:57:02 [INFO]   / ____|/ ____|/ ____|
2026-04-21 23:57:02 [INFO]  | |    | (___ | |        [CSC] Version: v0.21.18
2026-04-21 23:57:02 [INFO]  | |     \___ \| |        Minecraft Version: 1.21.1 forge
2026-04-21 23:57:02 [INFO]  | |____ ____) | |____    Problem/Feedback: Tencent QQ：1061133894
2026-04-21 23:57:02 [INFO]   \_____|_____/ \_____|
2026-04-21 23:57:02 [INFO]                        
2026-04-22 00:36:11 [INFO] CSC is loading...   Success！
2026-04-22 00:37:11 [INFO]    _____  _____  _____ 
2026-04-22 00:37:11 [INFO]   / ____|/ ____|/ ____|
2026-04-22 00:37:11 [INFO]  | |    | (___ | |        [CSC] Version: v0.21.18
2026-04-22 00:37:11 [INFO]  | |     \___ \| |        Minecraft Version: 1.21.1 forge
2026-04-22 00:37:11 [INFO]  | |____ ____) | |____    Problem/Feedback: Tencent QQ：1061133894
2026-04-22 00:37:11 [INFO]   \_____|_____/ \_____|
2026-04-22 00:37:11 [INFO]                        
2026-04-22 00:53:15 [INFO] CSC close completely, thanks for using!
2026-04-22 01:22:07 [INFO] CSC is loading...   Success！
2026-04-22 01:23:33 [INFO]    _____  _____  _____ 
2026-04-22 01:23:33 [INFO]   / ____|/ ____|/ ____|
2026-04-22 01:23:33 [INFO]  | |    | (___ | |        [CSC] Version: v0.21.18
2026-04-22 01:23:33 [INFO]  | |     \___ \| |        Minecraft Version: 1.21.1 forge
2026-04-22 01:23:33 [INFO]  | |____ ____) | |____    Problem/Feedback: Tencent QQ：1061133894
2026-04-22 01:23:33 [INFO]   \_____|_____/ \_____|
2026-04-22 01:23:33 [INFO]                        
2026-04-22 01:29:06 [INFO] CSC close completely, thanks for using!
2026-04-22 01:30:41 [INFO] CSC is loading...   Success！
2026-04-22 01:31:55 [INFO]    _____  _____  _____ 
2026-04-22 01:31:55 [INFO]   / ____|/ ____|/ ____|
2026-04-22 01:31:55 [INFO]  | |    | (___ | |        [CSC] Version: v0.21.18
2026-04-22 01:31:55 [INFO]  | |     \___ \| |        Minecraft Version: 1.21.1 forge
2026-04-22 01:31:55 [INFO]  | |____ ____) | |____    Problem/Feedback: Tencent QQ：1061133894
2026-04-22 01:31:55 [INFO]   \_____|_____/ \_____|
2026-04-22 01:31:55 [INFO]                        
2026-04-22 01:49:27 [INFO] CSC close completely, thanks for using!
2026-04-22 01:56:46 [INFO] CSC is loading...   Success！
2026-04-22 01:58:24 [INFO]    _____  _____  _____ 
2026-04-22 01:58:24 [INFO]   / ____|/ ____|/ ____|
2026-04-22 01:58:24 [INFO]  | |    | (___ | |        [CSC] Version: v0.21.18
2026-04-22 01:58:24 [INFO]  | |     \___ \| |        Minecraft Version: 1.21.1 forge
2026-04-22 01:58:24 [INFO]  | |____ ____) | |____    Problem/Feedback: Tencent QQ：1061133894
2026-04-22 01:58:24 [INFO]   \_____|_____/ \_____|
2026-04-22 01:58:24 [INFO]                        
2026-04-22 02:01:47 [INFO] CSC close completely, thanks for using!
2026-04-22 02:05:18 [INFO] CSC is loading...   Success！
2026-04-22 02:12:26 [INFO] CSC is loading...   Success！
2026-04-22 02:39:52 [INFO] CSC is loading...   Success！
2026-04-22 03:02:29 [INFO] CSC is loading...   Success！
2026-04-22 03:03:18 [INFO]    _____  _____  _____ 
2026-04-22 03:03:18 [INFO]   / ____|/ ____|/ ____|
2026-04-22 03:03:18 [INFO]  | |    | (___ | |        [CSC] Version: v0.21.18
2026-04-22 03:03:18 [INFO]  | |     \___ \| |        Minecraft Version: 1.21.1 forge
2026-04-22 03:03:18 [INFO]  | |____ ____) | |____    Problem/Feedback: Tencent QQ：1061133894
2026-04-22 03:03:18 [INFO]   \_____|_____/ \_____|
2026-04-22 03:03:18 [INFO]                        
2026-04-22 03:16:28 [INFO] CSC close completely, thanks for using!
2026-04-22 03:23:35 [INFO] CSC is loading...   Success！
2026-04-22 03:24:25 [INFO]    _____  _____  _____ 
2026-04-22 03:24:25 [INFO]   / ____|/ ____|/ ____|
2026-04-22 03:24:25 [INFO]  | |    | (___ | |        [CSC] Version: v0.21.18
2026-04-22 03:24:25 [INFO]  | |     \___ \| |        Minecraft Version: 1.21.1 forge
2026-04-22 03:24:25 [INFO]  | |____ ____) | |____    Problem/Feedback: Tencent QQ：1061133894
2026-04-22 03:24:25 [INFO]   \_____|_____/ \_____|
2026-04-22 03:24:25 [INFO]                        
2026-04-22 03:29:51 [INFO] CSC close completely, thanks for using!
2026-04-22 03:35:51 [INFO] CSC is loading...   Success！
2026-04-22 17:02:23 [INFO] CSC is loading...   Success！
2026-04-22 17:06:34 [INFO] CSC is loading...   Success！
2026-04-22 17:08:38 [INFO] CSC is loading...   Success！
2026-04-22 17:12:13 [INFO] CSC is loading...   Success！
2026-04-22 17:28:33 [INFO] CSC is loading...   Success！
2026-04-22 17:31:50 [INFO]    _____  _____  _____ 
2026-04-22 17:31:50 [INFO]   / ____|/ ____|/ ____|
2026-04-22 17:31:50 [INFO]  | |    | (___ | |        [CSC] Version: v0.21.18
2026-04-22 17:31:50 [INFO]  | |     \___ \| |        Minecraft Version: 1.21.1 forge
2026-04-22 17:31:50 [INFO]  | |____ ____) | |____    Problem/Feedback: Tencent QQ：1061133894
2026-04-22 17:31:50 [INFO]   \_____|_____/ \_____|
2026-04-22 17:31:50 [INFO]                        
2026-04-22 17:37:41 [INFO] CSC close completely, thanks for using!
2026-04-22 17:42:05 [INFO] CSC is loading...   Success！
2026-04-22 17:44:58 [INFO] CSC is loading...   Success！
2026-04-22 17:48:02 [INFO]    _____  _____  _____ 
2026-04-22 17:48:02 [INFO]   / ____|/ ____|/ ____|
2026-04-22 17:48:02 [INFO]  | |    | (___ | |        [CSC] Version: v0.21.18
2026-04-22 17:48:02 [INFO]  | |     \___ \| |        Minecraft Version: 1.21.1 forge
2026-04-22 17:48:02 [INFO]  | |____ ____) | |____    Problem/Feedback: Tencent QQ：1061133894
2026-04-22 17:48:02 [INFO]   \_____|_____/ \_____|
2026-04-22 17:48:02 [INFO]                        
2026-04-22 17:58:53 [INFO] thread run！goal =》./schematics/uploaded/CharlieDelta99/plane_v3.nbt
2026-04-22 17:58:53 [INFO] Meow, output schematic item list!
2026-04-22 17:58:53 [INFO] ID: create:redstone_link, Count: 6
2026-04-22 17:58:53 [INFO] ID: minecraft:oak_log, Count: 2
2026-04-22 17:58:53 [INFO] ID: simulated:linked_typewriter, Count: 1
2026-04-22 17:58:53 [INFO] ID: create:andesite_casing, Count: 9
2026-04-22 17:58:53 [INFO] ID: minecraft:dispenser, Count: 1
2026-04-22 17:58:53 [INFO] ID: create:rotation_speed_controller, Count: 1
2026-04-22 17:58:53 [INFO] ID: create:belt, Count: 2
2026-04-22 17:58:53 [INFO] ID: minecraft:redstone_wire, Count: 1
2026-04-22 17:58:53 [INFO] ID: create:powered_toggle_latch, Count: 1
2026-04-22 17:58:53 [INFO] ID: create:encased_shaft, Count: 23
2026-04-22 17:58:53 [INFO] ID: simulated:torsion_spring, Count: 2
2026-04-22 17:58:53 [INFO] ID: aeronautics:andesite_propeller, Count: 2
2026-04-22 17:58:53 [INFO] ID: minecraft:void_air, Count: 28
2026-04-22 17:58:53 [INFO] ID: create:red_seat, Count: 1
2026-04-22 17:58:53 [INFO] ID: create:clutch, Count: 1
2026-04-22 17:58:53 [INFO] ID: minecraft:gold_block, Count: 1
2026-04-22 17:58:53 [INFO] ID: create:mechanical_bearing, Count: 3
2026-04-22 17:58:53 [INFO] ID: offroad:wheel_mount, Count: 3
2026-04-22 17:58:53 [INFO] ID: simulated:directional_gearshift, Count: 2
2026-04-22 17:58:53 [INFO] ID: create:encased_large_cogwheel, Count: 1
2026-04-22 17:58:53 [INFO] ID: create:white_sail, Count: 82
2026-04-22 17:58:53 [INFO] ID: simulated:nameplate, Count: 3
2026-04-22 17:58:53 [INFO] ID: simulated:white_symmetric_sail, Count: 41
2026-04-22 17:58:53 [INFO] ID: create:gearbox, Count: 7
2026-04-22 17:58:53 [INFO] ID: simulated:portable_engine, Count: 3
2026-04-22 17:58:53 [INFO] ID: aeronautics:propeller_bearing, Count: 1
2026-04-22 17:58:53 [INFO] ID: simulated:handle, Count: 1
2026-04-22 17:58:53 [INFO] ID: create:simple_kinetic, Count: 4
2026-04-22 17:58:53 [INFO] bibi~ scan success time consume：79 ms
2026-04-22 18:16:51 [INFO] thread run！goal =》./schematics/uploaded/CharlieDelta99/plane_final.nbt
2026-04-22 18:16:51 [INFO] Meow, output schematic item list!
2026-04-22 18:16:51 [INFO] ID: create:redstone_link, Count: 6
2026-04-22 18:16:51 [INFO] ID: minecraft:oak_log, Count: 2
2026-04-22 18:16:51 [INFO] ID: simulated:linked_typewriter, Count: 1
2026-04-22 18:16:51 [INFO] ID: create:andesite_casing, Count: 11
2026-04-22 18:16:51 [INFO] ID: minecraft:dispenser, Count: 1
2026-04-22 18:16:51 [INFO] ID: create:rotation_speed_controller, Count: 1
2026-04-22 18:16:51 [INFO] ID: create:belt, Count: 2
2026-04-22 18:16:51 [INFO] ID: minecraft:redstone_wire, Count: 1
2026-04-22 18:16:51 [INFO] ID: create:powered_toggle_latch, Count: 1
2026-04-22 18:16:51 [INFO] ID: create:encased_shaft, Count: 20
2026-04-22 18:16:51 [INFO] ID: simulated:torsion_spring, Count: 2
2026-04-22 18:16:51 [INFO] ID: aeronautics:andesite_propeller, Count: 2
2026-04-22 18:16:51 [INFO] ID: create:red_seat, Count: 1
2026-04-22 18:16:51 [INFO] ID: create:clutch, Count: 1
2026-04-22 18:16:51 [INFO] ID: minecraft:gold_block, Count: 1
2026-04-22 18:16:51 [INFO] ID: create:mechanical_bearing, Count: 3
2026-04-22 18:16:51 [INFO] ID: offroad:wheel_mount, Count: 3
2026-04-22 18:16:51 [INFO] ID: simulated:directional_gearshift, Count: 2
2026-04-22 18:16:51 [INFO] ID: create:encased_large_cogwheel, Count: 1
2026-04-22 18:16:51 [INFO] ID: create:white_sail, Count: 90
2026-04-22 18:16:51 [INFO] ID: minecraft:white_wool, Count: 1
2026-04-22 18:16:51 [INFO] ID: simulated:white_symmetric_sail, Count: 41
2026-04-22 18:16:51 [INFO] ID: create:gearbox, Count: 7
2026-04-22 18:16:51 [INFO] ID: simulated:portable_engine, Count: 5
2026-04-22 18:16:51 [INFO] ID: aeronautics:propeller_bearing, Count: 1
2026-04-22 18:16:51 [INFO] ID: create:simple_kinetic, Count: 4
2026-04-22 18:16:51 [INFO] bibi~ scan success time consume：18 ms
2026-04-22 18:20:03 [INFO] CSC close completely, thanks for using!
